{"/Users/amybalmforth/Projects/makers/week10/tictactoe/spec/boardSpec.js":{"path":"/Users/amybalmforth/Projects/makers/week10/tictactoe/spec/boardSpec.js","s":{"1":1,"2":1,"3":26,"4":1,"5":1,"6":1,"7":0,"8":1,"9":1,"10":0,"11":1,"12":1,"13":1,"14":0,"15":1,"16":1,"17":0,"18":0,"19":0,"20":1,"21":1,"22":1,"23":0,"24":0,"25":0,"26":0,"27":0,"28":0,"29":0,"30":0,"31":0,"32":1,"33":1,"34":1,"35":0,"36":0,"37":0,"38":0,"39":0,"40":1,"41":1,"42":0,"43":0,"44":0,"45":0,"46":0,"47":1,"48":1,"49":0,"50":0,"51":0,"52":0,"53":0,"54":1,"55":1,"56":0,"57":0,"58":0,"59":0,"60":0,"61":1,"62":1,"63":0,"64":0,"65":0,"66":0,"67":0,"68":1,"69":1,"70":0,"71":0,"72":0,"73":0,"74":0,"75":1,"76":1,"77":1,"78":0,"79":0,"80":0,"81":0,"82":0,"83":1,"84":1,"85":0,"86":0,"87":0,"88":0,"89":0,"90":1,"91":1,"92":0,"93":0,"94":0,"95":0,"96":0,"97":1,"98":1,"99":0,"100":0,"101":0,"102":0,"103":0,"104":1,"105":1,"106":0,"107":0,"108":0,"109":0,"110":0,"111":1,"112":1,"113":0,"114":0,"115":0,"116":0,"117":0,"118":1,"119":1,"120":1,"121":0,"122":0,"123":0,"124":0,"125":0,"126":1,"127":1,"128":0,"129":0,"130":0,"131":0,"132":0,"133":1,"134":1,"135":0,"136":0,"137":0,"138":0,"139":0,"140":1,"141":1,"142":0,"143":0,"144":0,"145":0,"146":0,"147":1,"148":1,"149":1,"150":0,"151":0,"152":0,"153":0,"154":0,"155":1,"156":1,"157":0,"158":0,"159":0,"160":0,"161":0,"162":1,"163":1,"164":0,"165":0,"166":0,"167":0,"168":0,"169":1,"170":1,"171":0,"172":0,"173":0,"174":0,"175":0,"176":0,"177":0,"178":0,"179":0,"180":1,"181":1,"182":1,"183":0},"b":{},"f":{"1":1,"2":26,"3":1,"4":1,"5":1,"6":1,"7":1,"8":1,"9":1,"10":1,"11":1,"12":1,"13":1,"14":1,"15":1,"16":1,"17":1,"18":1,"19":1,"20":1,"21":1,"22":1,"23":1,"24":1,"25":1,"26":1,"27":1,"28":1,"29":1,"30":1,"31":1,"32":1,"33":1,"34":1,"35":1,"36":1},"fnMap":{"1":{"name":"(anonymous_1)","line":3,"loc":{"start":{"line":3,"column":18},"end":{"line":3,"column":29}}},"2":{"name":"(anonymous_2)","line":5,"loc":{"start":{"line":5,"column":13},"end":{"line":5,"column":24}}},"3":{"name":"(anonymous_3)","line":9,"loc":{"start":{"line":9,"column":34},"end":{"line":9,"column":45}}},"4":{"name":"(anonymous_4)","line":10,"loc":{"start":{"line":10,"column":40},"end":{"line":10,"column":51}}},"5":{"name":"(anonymous_5)","line":14,"loc":{"start":{"line":14,"column":47},"end":{"line":14,"column":58}}},"6":{"name":"(anonymous_6)","line":20,"loc":{"start":{"line":20,"column":34},"end":{"line":20,"column":45}}},"7":{"name":"(anonymous_7)","line":21,"loc":{"start":{"line":21,"column":39},"end":{"line":21,"column":50}}},"8":{"name":"(anonymous_8)","line":25,"loc":{"start":{"line":25,"column":44},"end":{"line":25,"column":55}}},"9":{"name":"(anonymous_9)","line":33,"loc":{"start":{"line":33,"column":21},"end":{"line":33,"column":32}}},"10":{"name":"(anonymous_10)","line":34,"loc":{"start":{"line":34,"column":38},"end":{"line":34,"column":49}}},"11":{"name":"(anonymous_11)","line":48,"loc":{"start":{"line":48,"column":31},"end":{"line":48,"column":42}}},"12":{"name":"(anonymous_12)","line":49,"loc":{"start":{"line":49,"column":58},"end":{"line":49,"column":69}}},"13":{"name":"(anonymous_13)","line":57,"loc":{"start":{"line":57,"column":58},"end":{"line":57,"column":69}}},"14":{"name":"(anonymous_14)","line":65,"loc":{"start":{"line":65,"column":61},"end":{"line":65,"column":72}}},"15":{"name":"(anonymous_15)","line":73,"loc":{"start":{"line":73,"column":61},"end":{"line":73,"column":72}}},"16":{"name":"(anonymous_16)","line":81,"loc":{"start":{"line":81,"column":61},"end":{"line":81,"column":72}}},"17":{"name":"(anonymous_17)","line":89,"loc":{"start":{"line":89,"column":61},"end":{"line":89,"column":72}}},"18":{"name":"(anonymous_18)","line":99,"loc":{"start":{"line":99,"column":29},"end":{"line":99,"column":40}}},"19":{"name":"(anonymous_19)","line":100,"loc":{"start":{"line":100,"column":62},"end":{"line":100,"column":73}}},"20":{"name":"(anonymous_20)","line":108,"loc":{"start":{"line":108,"column":62},"end":{"line":108,"column":73}}},"21":{"name":"(anonymous_21)","line":116,"loc":{"start":{"line":116,"column":63},"end":{"line":116,"column":74}}},"22":{"name":"(anonymous_22)","line":124,"loc":{"start":{"line":124,"column":63},"end":{"line":124,"column":74}}},"23":{"name":"(anonymous_23)","line":132,"loc":{"start":{"line":132,"column":62},"end":{"line":132,"column":73}}},"24":{"name":"(anonymous_24)","line":140,"loc":{"start":{"line":140,"column":62},"end":{"line":140,"column":73}}},"25":{"name":"(anonymous_25)","line":150,"loc":{"start":{"line":150,"column":29},"end":{"line":150,"column":40}}},"26":{"name":"(anonymous_26)","line":151,"loc":{"start":{"line":151,"column":53},"end":{"line":151,"column":64}}},"27":{"name":"(anonymous_27)","line":159,"loc":{"start":{"line":159,"column":53},"end":{"line":159,"column":64}}},"28":{"name":"(anonymous_28)","line":167,"loc":{"start":{"line":167,"column":53},"end":{"line":167,"column":64}}},"29":{"name":"(anonymous_29)","line":175,"loc":{"start":{"line":175,"column":53},"end":{"line":175,"column":64}}},"30":{"name":"(anonymous_30)","line":185,"loc":{"start":{"line":185,"column":39},"end":{"line":185,"column":50}}},"31":{"name":"(anonymous_31)","line":186,"loc":{"start":{"line":186,"column":58},"end":{"line":186,"column":69}}},"32":{"name":"(anonymous_32)","line":194,"loc":{"start":{"line":194,"column":56},"end":{"line":194,"column":67}}},"33":{"name":"(anonymous_33)","line":202,"loc":{"start":{"line":202,"column":56},"end":{"line":202,"column":67}}},"34":{"name":"(anonymous_34)","line":210,"loc":{"start":{"line":210,"column":48},"end":{"line":210,"column":59}}},"35":{"name":"(anonymous_35)","line":224,"loc":{"start":{"line":224,"column":51},"end":{"line":224,"column":62}}},"36":{"name":"(anonymous_36)","line":225,"loc":{"start":{"line":225,"column":64},"end":{"line":225,"column":75}}}},"statementMap":{"1":{"start":{"line":3,"column":0},"end":{"line":231,"column":3}},"2":{"start":{"line":5,"column":2},"end":{"line":7,"column":5}},"3":{"start":{"line":6,"column":4},"end":{"line":6,"column":109}},"4":{"start":{"line":9,"column":2},"end":{"line":18,"column":5}},"5":{"start":{"line":10,"column":4},"end":{"line":13,"column":7}},"6":{"start":{"line":11,"column":6},"end":{"line":11,"column":28}},"7":{"start":{"line":12,"column":6},"end":{"line":12,"column":49}},"8":{"start":{"line":14,"column":4},"end":{"line":17,"column":7}},"9":{"start":{"line":15,"column":6},"end":{"line":15,"column":28}},"10":{"start":{"line":16,"column":6},"end":{"line":16,"column":49}},"11":{"start":{"line":20,"column":2},"end":{"line":31,"column":5}},"12":{"start":{"line":21,"column":4},"end":{"line":24,"column":7}},"13":{"start":{"line":22,"column":6},"end":{"line":22,"column":33}},"14":{"start":{"line":23,"column":6},"end":{"line":23,"column":49}},"15":{"start":{"line":25,"column":4},"end":{"line":30,"column":7}},"16":{"start":{"line":26,"column":6},"end":{"line":26,"column":33}},"17":{"start":{"line":27,"column":6},"end":{"line":27,"column":33}},"18":{"start":{"line":28,"column":6},"end":{"line":28,"column":49}},"19":{"start":{"line":29,"column":6},"end":{"line":29,"column":49}},"20":{"start":{"line":33,"column":2},"end":{"line":46,"column":5}},"21":{"start":{"line":34,"column":4},"end":{"line":45,"column":7}},"22":{"start":{"line":35,"column":6},"end":{"line":35,"column":33}},"23":{"start":{"line":36,"column":6},"end":{"line":36,"column":33}},"24":{"start":{"line":37,"column":6},"end":{"line":37,"column":33}},"25":{"start":{"line":38,"column":6},"end":{"line":38,"column":33}},"26":{"start":{"line":39,"column":6},"end":{"line":39,"column":33}},"27":{"start":{"line":40,"column":6},"end":{"line":40,"column":33}},"28":{"start":{"line":41,"column":6},"end":{"line":41,"column":33}},"29":{"start":{"line":42,"column":6},"end":{"line":42,"column":33}},"30":{"start":{"line":43,"column":6},"end":{"line":43,"column":33}},"31":{"start":{"line":44,"column":6},"end":{"line":44,"column":43}},"32":{"start":{"line":48,"column":2},"end":{"line":97,"column":5}},"33":{"start":{"line":49,"column":4},"end":{"line":56,"column":7}},"34":{"start":{"line":50,"column":6},"end":{"line":50,"column":33}},"35":{"start":{"line":51,"column":6},"end":{"line":51,"column":33}},"36":{"start":{"line":52,"column":6},"end":{"line":52,"column":33}},"37":{"start":{"line":53,"column":6},"end":{"line":53,"column":33}},"38":{"start":{"line":54,"column":6},"end":{"line":54,"column":33}},"39":{"start":{"line":55,"column":6},"end":{"line":55,"column":52}},"40":{"start":{"line":57,"column":4},"end":{"line":64,"column":7}},"41":{"start":{"line":58,"column":6},"end":{"line":58,"column":33}},"42":{"start":{"line":59,"column":6},"end":{"line":59,"column":33}},"43":{"start":{"line":60,"column":6},"end":{"line":60,"column":33}},"44":{"start":{"line":61,"column":6},"end":{"line":61,"column":33}},"45":{"start":{"line":62,"column":6},"end":{"line":62,"column":33}},"46":{"start":{"line":63,"column":6},"end":{"line":63,"column":52}},"47":{"start":{"line":65,"column":4},"end":{"line":72,"column":7}},"48":{"start":{"line":66,"column":6},"end":{"line":66,"column":33}},"49":{"start":{"line":67,"column":6},"end":{"line":67,"column":33}},"50":{"start":{"line":68,"column":6},"end":{"line":68,"column":33}},"51":{"start":{"line":69,"column":6},"end":{"line":69,"column":33}},"52":{"start":{"line":70,"column":6},"end":{"line":70,"column":33}},"53":{"start":{"line":71,"column":6},"end":{"line":71,"column":52}},"54":{"start":{"line":73,"column":4},"end":{"line":80,"column":7}},"55":{"start":{"line":74,"column":6},"end":{"line":74,"column":33}},"56":{"start":{"line":75,"column":6},"end":{"line":75,"column":33}},"57":{"start":{"line":76,"column":6},"end":{"line":76,"column":33}},"58":{"start":{"line":77,"column":6},"end":{"line":77,"column":33}},"59":{"start":{"line":78,"column":6},"end":{"line":78,"column":33}},"60":{"start":{"line":79,"column":6},"end":{"line":79,"column":52}},"61":{"start":{"line":81,"column":4},"end":{"line":88,"column":7}},"62":{"start":{"line":82,"column":6},"end":{"line":82,"column":33}},"63":{"start":{"line":83,"column":6},"end":{"line":83,"column":33}},"64":{"start":{"line":84,"column":6},"end":{"line":84,"column":33}},"65":{"start":{"line":85,"column":6},"end":{"line":85,"column":33}},"66":{"start":{"line":86,"column":6},"end":{"line":86,"column":33}},"67":{"start":{"line":87,"column":6},"end":{"line":87,"column":52}},"68":{"start":{"line":89,"column":4},"end":{"line":96,"column":7}},"69":{"start":{"line":90,"column":6},"end":{"line":90,"column":33}},"70":{"start":{"line":91,"column":6},"end":{"line":91,"column":33}},"71":{"start":{"line":92,"column":6},"end":{"line":92,"column":33}},"72":{"start":{"line":93,"column":6},"end":{"line":93,"column":33}},"73":{"start":{"line":94,"column":6},"end":{"line":94,"column":33}},"74":{"start":{"line":95,"column":6},"end":{"line":95,"column":52}},"75":{"start":{"line":99,"column":2},"end":{"line":148,"column":5}},"76":{"start":{"line":100,"column":4},"end":{"line":107,"column":7}},"77":{"start":{"line":101,"column":6},"end":{"line":101,"column":33}},"78":{"start":{"line":102,"column":6},"end":{"line":102,"column":33}},"79":{"start":{"line":103,"column":6},"end":{"line":103,"column":33}},"80":{"start":{"line":104,"column":6},"end":{"line":104,"column":33}},"81":{"start":{"line":105,"column":6},"end":{"line":105,"column":33}},"82":{"start":{"line":106,"column":6},"end":{"line":106,"column":50}},"83":{"start":{"line":108,"column":4},"end":{"line":115,"column":7}},"84":{"start":{"line":109,"column":6},"end":{"line":109,"column":33}},"85":{"start":{"line":110,"column":6},"end":{"line":110,"column":33}},"86":{"start":{"line":111,"column":6},"end":{"line":111,"column":33}},"87":{"start":{"line":112,"column":6},"end":{"line":112,"column":33}},"88":{"start":{"line":113,"column":6},"end":{"line":113,"column":33}},"89":{"start":{"line":114,"column":6},"end":{"line":114,"column":50}},"90":{"start":{"line":116,"column":4},"end":{"line":123,"column":7}},"91":{"start":{"line":117,"column":6},"end":{"line":117,"column":33}},"92":{"start":{"line":118,"column":6},"end":{"line":118,"column":33}},"93":{"start":{"line":119,"column":6},"end":{"line":119,"column":33}},"94":{"start":{"line":120,"column":6},"end":{"line":120,"column":33}},"95":{"start":{"line":121,"column":6},"end":{"line":121,"column":33}},"96":{"start":{"line":122,"column":6},"end":{"line":122,"column":50}},"97":{"start":{"line":124,"column":4},"end":{"line":131,"column":7}},"98":{"start":{"line":125,"column":6},"end":{"line":125,"column":33}},"99":{"start":{"line":126,"column":6},"end":{"line":126,"column":33}},"100":{"start":{"line":127,"column":6},"end":{"line":127,"column":33}},"101":{"start":{"line":128,"column":6},"end":{"line":128,"column":33}},"102":{"start":{"line":129,"column":6},"end":{"line":129,"column":33}},"103":{"start":{"line":130,"column":6},"end":{"line":130,"column":50}},"104":{"start":{"line":132,"column":4},"end":{"line":139,"column":7}},"105":{"start":{"line":133,"column":6},"end":{"line":133,"column":33}},"106":{"start":{"line":134,"column":6},"end":{"line":134,"column":33}},"107":{"start":{"line":135,"column":6},"end":{"line":135,"column":33}},"108":{"start":{"line":136,"column":6},"end":{"line":136,"column":33}},"109":{"start":{"line":137,"column":6},"end":{"line":137,"column":33}},"110":{"start":{"line":138,"column":6},"end":{"line":138,"column":50}},"111":{"start":{"line":140,"column":4},"end":{"line":147,"column":7}},"112":{"start":{"line":141,"column":6},"end":{"line":141,"column":33}},"113":{"start":{"line":142,"column":6},"end":{"line":142,"column":33}},"114":{"start":{"line":143,"column":6},"end":{"line":143,"column":33}},"115":{"start":{"line":144,"column":6},"end":{"line":144,"column":33}},"116":{"start":{"line":145,"column":6},"end":{"line":145,"column":33}},"117":{"start":{"line":146,"column":6},"end":{"line":146,"column":50}},"118":{"start":{"line":150,"column":2},"end":{"line":183,"column":5}},"119":{"start":{"line":151,"column":4},"end":{"line":158,"column":7}},"120":{"start":{"line":152,"column":6},"end":{"line":152,"column":33}},"121":{"start":{"line":153,"column":6},"end":{"line":153,"column":33}},"122":{"start":{"line":154,"column":6},"end":{"line":154,"column":33}},"123":{"start":{"line":155,"column":6},"end":{"line":155,"column":33}},"124":{"start":{"line":156,"column":6},"end":{"line":156,"column":33}},"125":{"start":{"line":157,"column":6},"end":{"line":157,"column":50}},"126":{"start":{"line":159,"column":4},"end":{"line":166,"column":7}},"127":{"start":{"line":160,"column":6},"end":{"line":160,"column":33}},"128":{"start":{"line":161,"column":6},"end":{"line":161,"column":33}},"129":{"start":{"line":162,"column":6},"end":{"line":162,"column":33}},"130":{"start":{"line":163,"column":6},"end":{"line":163,"column":33}},"131":{"start":{"line":164,"column":6},"end":{"line":164,"column":33}},"132":{"start":{"line":165,"column":6},"end":{"line":165,"column":50}},"133":{"start":{"line":167,"column":4},"end":{"line":174,"column":7}},"134":{"start":{"line":168,"column":6},"end":{"line":168,"column":33}},"135":{"start":{"line":169,"column":6},"end":{"line":169,"column":33}},"136":{"start":{"line":170,"column":6},"end":{"line":170,"column":33}},"137":{"start":{"line":171,"column":6},"end":{"line":171,"column":33}},"138":{"start":{"line":172,"column":6},"end":{"line":172,"column":33}},"139":{"start":{"line":173,"column":6},"end":{"line":173,"column":50}},"140":{"start":{"line":175,"column":4},"end":{"line":182,"column":7}},"141":{"start":{"line":176,"column":6},"end":{"line":176,"column":33}},"142":{"start":{"line":177,"column":6},"end":{"line":177,"column":33}},"143":{"start":{"line":178,"column":6},"end":{"line":178,"column":33}},"144":{"start":{"line":179,"column":6},"end":{"line":179,"column":33}},"145":{"start":{"line":180,"column":6},"end":{"line":180,"column":33}},"146":{"start":{"line":181,"column":6},"end":{"line":181,"column":50}},"147":{"start":{"line":185,"column":2},"end":{"line":222,"column":5}},"148":{"start":{"line":186,"column":4},"end":{"line":193,"column":7}},"149":{"start":{"line":187,"column":6},"end":{"line":187,"column":33}},"150":{"start":{"line":188,"column":6},"end":{"line":188,"column":33}},"151":{"start":{"line":189,"column":6},"end":{"line":189,"column":33}},"152":{"start":{"line":190,"column":6},"end":{"line":190,"column":33}},"153":{"start":{"line":191,"column":6},"end":{"line":191,"column":33}},"154":{"start":{"line":192,"column":6},"end":{"line":192,"column":45}},"155":{"start":{"line":194,"column":4},"end":{"line":201,"column":7}},"156":{"start":{"line":195,"column":6},"end":{"line":195,"column":33}},"157":{"start":{"line":196,"column":6},"end":{"line":196,"column":33}},"158":{"start":{"line":197,"column":6},"end":{"line":197,"column":33}},"159":{"start":{"line":198,"column":6},"end":{"line":198,"column":33}},"160":{"start":{"line":199,"column":6},"end":{"line":199,"column":33}},"161":{"start":{"line":200,"column":6},"end":{"line":200,"column":45}},"162":{"start":{"line":202,"column":4},"end":{"line":209,"column":7}},"163":{"start":{"line":203,"column":6},"end":{"line":203,"column":33}},"164":{"start":{"line":204,"column":6},"end":{"line":204,"column":33}},"165":{"start":{"line":205,"column":6},"end":{"line":205,"column":33}},"166":{"start":{"line":206,"column":6},"end":{"line":206,"column":33}},"167":{"start":{"line":207,"column":6},"end":{"line":207,"column":33}},"168":{"start":{"line":208,"column":6},"end":{"line":208,"column":45}},"169":{"start":{"line":210,"column":4},"end":{"line":221,"column":7}},"170":{"start":{"line":211,"column":6},"end":{"line":211,"column":33}},"171":{"start":{"line":212,"column":6},"end":{"line":212,"column":33}},"172":{"start":{"line":213,"column":6},"end":{"line":213,"column":33}},"173":{"start":{"line":214,"column":6},"end":{"line":214,"column":33}},"174":{"start":{"line":215,"column":6},"end":{"line":215,"column":33}},"175":{"start":{"line":216,"column":6},"end":{"line":216,"column":33}},"176":{"start":{"line":217,"column":6},"end":{"line":217,"column":33}},"177":{"start":{"line":218,"column":6},"end":{"line":218,"column":33}},"178":{"start":{"line":219,"column":6},"end":{"line":219,"column":33}},"179":{"start":{"line":220,"column":6},"end":{"line":220,"column":45}},"180":{"start":{"line":224,"column":2},"end":{"line":229,"column":5}},"181":{"start":{"line":225,"column":4},"end":{"line":228,"column":7}},"182":{"start":{"line":226,"column":6},"end":{"line":226,"column":33}},"183":{"start":{"line":227,"column":6},"end":{"line":227,"column":73}}},"branchMap":{}},"/Users/amybalmforth/Projects/makers/week10/tictactoe/spec/gameSpec.js":{"path":"/Users/amybalmforth/Projects/makers/week10/tictactoe/spec/gameSpec.js","s":{"1":1,"2":1,"3":12,"4":1,"5":1,"6":1,"7":1,"8":1,"9":1,"10":1,"11":1,"12":1,"13":1,"14":1,"15":1,"16":1,"17":1,"18":1,"19":1,"20":1,"21":1,"22":0,"23":1,"24":1,"25":0,"26":0,"27":1,"28":1,"29":1,"30":0,"31":0,"32":0,"33":0,"34":0,"35":0,"36":0,"37":0,"38":0,"39":1,"40":1,"41":0,"42":0,"43":0,"44":0,"45":0,"46":1,"47":1,"48":0,"49":0,"50":0,"51":0,"52":0,"53":0,"54":0},"b":{},"f":{"1":1,"2":12,"3":1,"4":1,"5":1,"6":1,"7":1,"8":1,"9":1,"10":1,"11":1,"12":1,"13":1,"14":1,"15":1,"16":1,"17":1},"fnMap":{"1":{"name":"(anonymous_1)","line":2,"loc":{"start":{"line":2,"column":17},"end":{"line":2,"column":28}}},"2":{"name":"(anonymous_2)","line":4,"loc":{"start":{"line":4,"column":13},"end":{"line":4,"column":24}}},"3":{"name":"(anonymous_3)","line":8,"loc":{"start":{"line":8,"column":39},"end":{"line":8,"column":50}}},"4":{"name":"(anonymous_4)","line":9,"loc":{"start":{"line":9,"column":27},"end":{"line":9,"column":38}}},"5":{"name":"(anonymous_5)","line":12,"loc":{"start":{"line":12,"column":33},"end":{"line":12,"column":44}}},"6":{"name":"(anonymous_6)","line":15,"loc":{"start":{"line":15,"column":30},"end":{"line":15,"column":41}}},"7":{"name":"(anonymous_7)","line":18,"loc":{"start":{"line":18,"column":30},"end":{"line":18,"column":41}}},"8":{"name":"(anonymous_8)","line":21,"loc":{"start":{"line":21,"column":35},"end":{"line":21,"column":46}}},"9":{"name":"(anonymous_9)","line":24,"loc":{"start":{"line":24,"column":35},"end":{"line":24,"column":46}}},"10":{"name":"(anonymous_10)","line":29,"loc":{"start":{"line":29,"column":29},"end":{"line":29,"column":40}}},"11":{"name":"(anonymous_11)","line":30,"loc":{"start":{"line":30,"column":44},"end":{"line":30,"column":55}}},"12":{"name":"(anonymous_12)","line":33,"loc":{"start":{"line":33,"column":51},"end":{"line":33,"column":62}}},"13":{"name":"(anonymous_13)","line":37,"loc":{"start":{"line":37,"column":51},"end":{"line":37,"column":62}}},"14":{"name":"(anonymous_14)","line":44,"loc":{"start":{"line":44,"column":26},"end":{"line":44,"column":37}}},"15":{"name":"(anonymous_15)","line":45,"loc":{"start":{"line":45,"column":33},"end":{"line":45,"column":44}}},"16":{"name":"(anonymous_16)","line":57,"loc":{"start":{"line":57,"column":40},"end":{"line":57,"column":51}}},"17":{"name":"(anonymous_17)","line":65,"loc":{"start":{"line":65,"column":40},"end":{"line":65,"column":51}}}},"statementMap":{"1":{"start":{"line":2,"column":0},"end":{"line":77,"column":3}},"2":{"start":{"line":4,"column":2},"end":{"line":6,"column":5}},"3":{"start":{"line":5,"column":4},"end":{"line":5,"column":109}},"4":{"start":{"line":8,"column":2},"end":{"line":27,"column":5}},"5":{"start":{"line":9,"column":4},"end":{"line":11,"column":7}},"6":{"start":{"line":10,"column":6},"end":{"line":10,"column":47}},"7":{"start":{"line":12,"column":4},"end":{"line":14,"column":7}},"8":{"start":{"line":13,"column":6},"end":{"line":13,"column":77}},"9":{"start":{"line":15,"column":4},"end":{"line":17,"column":7}},"10":{"start":{"line":16,"column":6},"end":{"line":16,"column":50}},"11":{"start":{"line":18,"column":4},"end":{"line":20,"column":7}},"12":{"start":{"line":19,"column":6},"end":{"line":19,"column":50}},"13":{"start":{"line":21,"column":4},"end":{"line":23,"column":7}},"14":{"start":{"line":22,"column":6},"end":{"line":22,"column":41}},"15":{"start":{"line":24,"column":4},"end":{"line":26,"column":7}},"16":{"start":{"line":25,"column":6},"end":{"line":25,"column":41}},"17":{"start":{"line":29,"column":2},"end":{"line":42,"column":5}},"18":{"start":{"line":30,"column":4},"end":{"line":32,"column":7}},"19":{"start":{"line":31,"column":6},"end":{"line":31,"column":56}},"20":{"start":{"line":33,"column":4},"end":{"line":36,"column":7}},"21":{"start":{"line":34,"column":6},"end":{"line":34,"column":33}},"22":{"start":{"line":35,"column":6},"end":{"line":35,"column":55}},"23":{"start":{"line":37,"column":4},"end":{"line":41,"column":7}},"24":{"start":{"line":38,"column":6},"end":{"line":38,"column":33}},"25":{"start":{"line":39,"column":6},"end":{"line":39,"column":33}},"26":{"start":{"line":40,"column":6},"end":{"line":40,"column":55}},"27":{"start":{"line":44,"column":2},"end":{"line":75,"column":5}},"28":{"start":{"line":45,"column":4},"end":{"line":56,"column":7}},"29":{"start":{"line":46,"column":6},"end":{"line":46,"column":33}},"30":{"start":{"line":47,"column":6},"end":{"line":47,"column":33}},"31":{"start":{"line":48,"column":6},"end":{"line":48,"column":33}},"32":{"start":{"line":49,"column":6},"end":{"line":49,"column":33}},"33":{"start":{"line":50,"column":6},"end":{"line":50,"column":33}},"34":{"start":{"line":51,"column":6},"end":{"line":51,"column":33}},"35":{"start":{"line":52,"column":6},"end":{"line":52,"column":33}},"36":{"start":{"line":53,"column":6},"end":{"line":53,"column":33}},"37":{"start":{"line":54,"column":6},"end":{"line":54,"column":33}},"38":{"start":{"line":55,"column":6},"end":{"line":55,"column":56}},"39":{"start":{"line":57,"column":4},"end":{"line":64,"column":7}},"40":{"start":{"line":58,"column":6},"end":{"line":58,"column":33}},"41":{"start":{"line":59,"column":6},"end":{"line":59,"column":33}},"42":{"start":{"line":60,"column":6},"end":{"line":60,"column":33}},"43":{"start":{"line":61,"column":6},"end":{"line":61,"column":33}},"44":{"start":{"line":62,"column":6},"end":{"line":62,"column":33}},"45":{"start":{"line":63,"column":6},"end":{"line":63,"column":50}},"46":{"start":{"line":65,"column":4},"end":{"line":74,"column":7}},"47":{"start":{"line":66,"column":6},"end":{"line":66,"column":26}},"48":{"start":{"line":67,"column":6},"end":{"line":67,"column":26}},"49":{"start":{"line":68,"column":6},"end":{"line":68,"column":33}},"50":{"start":{"line":69,"column":6},"end":{"line":69,"column":33}},"51":{"start":{"line":70,"column":6},"end":{"line":70,"column":33}},"52":{"start":{"line":71,"column":6},"end":{"line":71,"column":33}},"53":{"start":{"line":72,"column":6},"end":{"line":72,"column":33}},"54":{"start":{"line":73,"column":6},"end":{"line":73,"column":50}}},"branchMap":{}},"/Users/amybalmforth/Projects/makers/week10/tictactoe/spec/playerSpec.js":{"path":"/Users/amybalmforth/Projects/makers/week10/tictactoe/spec/playerSpec.js","s":{"1":1,"2":1,"3":2,"4":1,"5":1,"6":1,"7":1},"b":{},"f":{"1":1,"2":2,"3":1,"4":1},"fnMap":{"1":{"name":"(anonymous_1)","line":1,"loc":{"start":{"line":1,"column":19},"end":{"line":1,"column":30}}},"2":{"name":"(anonymous_2)","line":3,"loc":{"start":{"line":3,"column":13},"end":{"line":3,"column":24}}},"3":{"name":"(anonymous_3)","line":7,"loc":{"start":{"line":7,"column":22},"end":{"line":7,"column":33}}},"4":{"name":"(anonymous_4)","line":11,"loc":{"start":{"line":11,"column":22},"end":{"line":11,"column":33}}}},"statementMap":{"1":{"start":{"line":1,"column":0},"end":{"line":15,"column":3}},"2":{"start":{"line":3,"column":2},"end":{"line":5,"column":5}},"3":{"start":{"line":4,"column":4},"end":{"line":4,"column":109}},"4":{"start":{"line":7,"column":2},"end":{"line":9,"column":5}},"5":{"start":{"line":8,"column":4},"end":{"line":8,"column":39}},"6":{"start":{"line":11,"column":2},"end":{"line":13,"column":5}},"7":{"start":{"line":12,"column":4},"end":{"line":12,"column":39}}},"branchMap":{}}}